<?xml version="1.0" encoding="UTF-8"?>
<!-- Generated by org.testng.reporters.JUnitReportReporter -->
<testsuite skipped="0" hostname="Amar" name="assesment.Pac1" tests="1" failures="0" timestamp="2021-04-25T11:47:12 IST" time="18.446" errors="0">
  <testcase name="launch" time="18.446" classname="assesment.Pac1"/>
  <system-out/>
</testsuite> <!-- assesment.Pac1 -->
